<?xml version="1.0" encoding="UTF-8"?>
<testsuite name="whiteBoxTest.TokensTest" tests="15" skipped="0" failures="0" errors="0" timestamp="2022-04-24T02:42:55" hostname="MacBook-Pro-8.local" time="0.055">
  <properties/>
  <testcase name="testTokensReturnColorDiamond()" classname="whiteBoxTest.TokensTest" time="0.041"/>
  <testcase name="testEqualsTwoDiffColorTokens()" classname="whiteBoxTest.TokensTest" time="0.001"/>
  <testcase name="testCompareToTwoSameColorTokens()" classname="whiteBoxTest.TokensTest" time="0.001"/>
  <testcase name="testTokensReturnColorSapphire()" classname="whiteBoxTest.TokensTest" time="0.001"/>
  <testcase name="testTokensReturnColorEmerald()" classname="whiteBoxTest.TokensTest" time="0.0"/>
  <testcase name="testTokensConstructorWithValidColorName()" classname="whiteBoxTest.TokensTest" time="0.0"/>
  <testcase name="testToStringColor()" classname="whiteBoxTest.TokensTest" time="0.0"/>
  <testcase name="testCompareToTwoDiffColorTokens()" classname="whiteBoxTest.TokensTest" time="0.001"/>
  <testcase name="testEqualsTwoSameColorTokens()" classname="whiteBoxTest.TokensTest" time="0.001"/>
  <testcase name="testTokensConstructorWithValidColor()" classname="whiteBoxTest.TokensTest" time="0.0"/>
  <testcase name="testTokensSetColor()" classname="whiteBoxTest.TokensTest" time="0.0"/>
  <testcase name="testTokensReturnColorGoldJoker()" classname="whiteBoxTest.TokensTest" time="0.0"/>
  <testcase name="testTokensReturnColorOnyx()" classname="whiteBoxTest.TokensTest" time="0.001"/>
  <testcase name="testTokensGetColor()" classname="whiteBoxTest.TokensTest" time="0.0"/>
  <testcase name="testEqualsTwoSameColorTokensLowerUpperCase()" classname="whiteBoxTest.TokensTest" time="0.0"/>
  <system-out><![CDATA[]]></system-out>
  <system-err><![CDATA[]]></system-err>
</testsuite>
