<?xml version="1.0" encoding="UTF-8"?>
<testsuite name="whiteBoxTest.TokensTest" tests="15" skipped="0" failures="0" errors="0" timestamp="2022-04-24T02:55:55" hostname="MacBook-Pro-8.local" time="0.036">
  <properties/>
  <testcase name="testTokensReturnColorDiamond()" classname="whiteBoxTest.TokensTest" time="0.017"/>
  <testcase name="testEqualsTwoDiffColorTokens()" classname="whiteBoxTest.TokensTest" time="0.001"/>
  <testcase name="testCompareToTwoSameColorTokens()" classname="whiteBoxTest.TokensTest" time="0.001"/>
  <testcase name="testTokensReturnColorSapphire()" classname="whiteBoxTest.TokensTest" time="0.001"/>
  <testcase name="testTokensReturnColorEmerald()" classname="whiteBoxTest.TokensTest" time="0.001"/>
  <testcase name="testTokensConstructorWithValidColorName()" classname="whiteBoxTest.TokensTest" time="0.001"/>
  <testcase name="testToStringColor()" classname="whiteBoxTest.TokensTest" time="0.0"/>
  <testcase name="testCompareToTwoDiffColorTokens()" classname="whiteBoxTest.TokensTest" time="0.0"/>
  <testcase name="testEqualsTwoSameColorTokens()" classname="whiteBoxTest.TokensTest" time="0.0"/>
  <testcase name="testTokensConstructorWithValidColor()" classname="whiteBoxTest.TokensTest" time="0.0"/>
  <testcase name="testTokensSetColor()" classname="whiteBoxTest.TokensTest" time="0.0"/>
  <testcase name="testTokensReturnColorGoldJoker()" classname="whiteBoxTest.TokensTest" time="0.001"/>
  <testcase name="testTokensReturnColorOnyx()" classname="whiteBoxTest.TokensTest" time="0.001"/>
  <testcase name="testTokensGetColor()" classname="whiteBoxTest.TokensTest" time="0.001"/>
  <testcase name="testEqualsTwoSameColorTokensLowerUpperCase()" classname="whiteBoxTest.TokensTest" time="0.001"/>
  <system-out><![CDATA[]]></system-out>
  <system-err><![CDATA[Exception in thread "AWT-EventQueue-0" java.lang.NullPointerException
	at Classes.MyPanel.paint(MyPanel.java:40)
	at java.desktop/javax.swing.JComponent.paintChildren(JComponent.java:907)
	at java.desktop/javax.swing.JComponent.paint(JComponent.java:1083)
	at java.desktop/javax.swing.JComponent.paintChildren(JComponent.java:907)
	at java.desktop/javax.swing.JComponent.paint(JComponent.java:1083)
	at java.desktop/javax.swing.JLayeredPane.paint(JLayeredPane.java:590)
	at java.desktop/javax.swing.JComponent.paintChildren(JComponent.java:907)
	at java.desktop/javax.swing.JComponent.paintToOffscreen(JComponent.java:5262)
	at java.desktop/javax.swing.RepaintManager$PaintManager.paintDoubleBufferedImpl(RepaintManager.java:1643)
	at java.desktop/javax.swing.RepaintManager$PaintManager.paintDoubleBuffered(RepaintManager.java:1618)
	at java.desktop/javax.swing.RepaintManager$PaintManager.paint(RepaintManager.java:1556)
	at java.desktop/javax.swing.RepaintManager.paint(RepaintManager.java:1323)
	at java.desktop/javax.swing.JComponent.paint(JComponent.java:1060)
	at java.desktop/java.awt.GraphicsCallback$PaintCallback.run(GraphicsCallback.java:39)
	at java.desktop/sun.awt.SunGraphicsCallback.runOneComponent(SunGraphicsCallback.java:78)
	at java.desktop/sun.awt.SunGraphicsCallback.runComponents(SunGraphicsCallback.java:115)
	at java.desktop/java.awt.Container.paint(Container.java:2002)
	at java.desktop/java.awt.Window.paint(Window.java:3940)
	at java.desktop/javax.swing.RepaintManager$4.run(RepaintManager.java:876)
	at java.desktop/javax.swing.RepaintManager$4.run(RepaintManager.java:848)
	at java.base/java.security.AccessController.doPrivileged(Native Method)
	at java.base/java.security.ProtectionDomain$JavaSecurityAccessImpl.doIntersectionPrivilege(ProtectionDomain.java:85)
	at java.desktop/javax.swing.RepaintManager.paintDirtyRegions(RepaintManager.java:848)
	at java.desktop/javax.swing.RepaintManager.paintDirtyRegions(RepaintManager.java:823)
	at java.desktop/javax.swing.RepaintManager.prePaintDirtyRegions(RepaintManager.java:772)
	at java.desktop/javax.swing.RepaintManager$ProcessingRunnable.run(RepaintManager.java:1890)
	at java.desktop/java.awt.event.InvocationEvent.dispatch(InvocationEvent.java:313)
	at java.desktop/java.awt.EventQueue.dispatchEventImpl(EventQueue.java:770)
	at java.desktop/java.awt.EventQueue$4.run(EventQueue.java:721)
	at java.desktop/java.awt.EventQueue$4.run(EventQueue.java:715)
	at java.base/java.security.AccessController.doPrivileged(Native Method)
	at java.base/java.security.ProtectionDomain$JavaSecurityAccessImpl.doIntersectionPrivilege(ProtectionDomain.java:85)
	at java.desktop/java.awt.EventQueue.dispatchEvent(EventQueue.java:740)
	at java.desktop/java.awt.EventDispatchThread.pumpOneEventForFilters(EventDispatchThread.java:203)
	at java.desktop/java.awt.EventDispatchThread.pumpEventsForFilter(EventDispatchThread.java:124)
	at java.desktop/java.awt.EventDispatchThread.pumpEventsForHierarchy(EventDispatchThread.java:113)
	at java.desktop/java.awt.EventDispatchThread.pumpEvents(EventDispatchThread.java:109)
	at java.desktop/java.awt.EventDispatchThread.pumpEvents(EventDispatchThread.java:101)
	at java.desktop/java.awt.EventDispatchThread.run(EventDispatchThread.java:90)
]]></system-err>
</testsuite>
